0 info it worked if it ends with ok
1 verbose cli [ 'C:\\Program Files\\nodejs\\node.exe',
1 verbose cli   'C:\\Users\\TonySoprano\\AppData\\Roaming\\npm\\node_modules\\npm\\bin\\npm-cli.js',
1 verbose cli   'start' ]
2 info using npm@4.0.5
3 info using node@v6.9.2
4 verbose run-script [ 'prestart', 'start', 'poststart' ]
5 info lifecycle ezcl2@0.0.0~prestart: ezcl2@0.0.0
6 silly lifecycle ezcl2@0.0.0~prestart: no script for prestart, continuing
7 info lifecycle ezcl2@0.0.0~start: ezcl2@0.0.0
8 verbose lifecycle ezcl2@0.0.0~start: unsafe-perm in lifecycle true
9 verbose lifecycle ezcl2@0.0.0~start: PATH: C:\Users\TonySoprano\AppData\Roaming\npm\node_modules\npm\bin\node-gyp-bin;C:\Users\TonySoprano\Desktop\scripts\ezcl2\node_modules\.bin;C:\Users\TonySoprano\bin;C:\Program Files\Git\mingw64\bin;C:\Program Files\Git\usr\local\bin;C:\Program Files\Git\usr\bin;C:\Program Files\Git\usr\bin;C:\Program Files\Git\mingw64\bin;C:\Program Files\Git\usr\bin;C:\Users\TonySoprano\bin;C:\WINDOWS\system32;C:\WINDOWS;C:\WINDOWS\System32\Wbem;C:\WINDOWS\System32\WindowsPowerShell\v1.0;C:\Program Files\Git\cmd;C:\Program Files\nodejs;C:\Users\TonySoprano\.dnx\bin;C:\Program Files\Microsoft DNX\Dnvm;C:\Program Files\Microsoft SQL Server\120\Tools\Binn;C:\Program Files\Microsoft SQL Server\130\Tools\Binn;C:\Program Files (x86)\GtkSharp\2.12\bin;C:\Users\TonySoprano\AppData\Roaming\npm;C:\Program Files\MongoDB\Server\3.4\bin;C:\Python27;C:\Python27\scripts;C:\Users\TonySoprano\AppData\Local\Microsoft\WindowsApps;C:\Program Files\Heroku;C:\Program Files\Heroku\bin;C:\curl;C:\Users\TonySoprano\AppData\Roaming\npm\node_modules\sequelize-cli;C:\Program Files (x86)\mitmproxy\bin;C:\Program Files (x86)\Minimal ADB and Fastboot;C:\androidhtc;C:\Python27;C:\Python27\scripts;C:\Users\TonySoprano\AppData\Local\Microsoft\WindowsApps;C:\Program Files\Heroku;C:\Program Files\Heroku\bin;C:\curl;C:\Users\TonySoprano\AppData\Roaming\npm\node_modules\sequelize-cli;C:\Program Files (x86)\mitmproxy\bin;C:\Program Files\MongoDB\Server\3.4\bin;C:\Program Files (x86)\Microsoft VS Code\bin;C:\Program Files\Git\usr\bin\vendor_perl;C:\Program Files\Git\usr\bin\core_perl
10 verbose lifecycle ezcl2@0.0.0~start: CWD: C:\Users\TonySoprano\Desktop\scripts\ezcl2
11 silly lifecycle ezcl2@0.0.0~start: Args: [ '/d /s /c', 'node ./bin/www' ]
12 silly lifecycle ezcl2@0.0.0~start: Returned: code: 3221225786  signal: null
13 info lifecycle ezcl2@0.0.0~start: Failed to exec start script
14 verbose stack Error: ezcl2@0.0.0 start: `node ./bin/www`
14 verbose stack Exit status 3221225786
14 verbose stack     at EventEmitter.<anonymous> (C:\Users\TonySoprano\AppData\Roaming\npm\node_modules\npm\lib\utils\lifecycle.js:279:16)
14 verbose stack     at emitTwo (events.js:106:13)
14 verbose stack     at EventEmitter.emit (events.js:191:7)
14 verbose stack     at ChildProcess.<anonymous> (C:\Users\TonySoprano\AppData\Roaming\npm\node_modules\npm\lib\utils\spawn.js:40:14)
14 verbose stack     at emitTwo (events.js:106:13)
14 verbose stack     at ChildProcess.emit (events.js:191:7)
14 verbose stack     at maybeClose (internal/child_process.js:877:16)
14 verbose stack     at Process.ChildProcess._handle.onexit (internal/child_process.js:226:5)
15 verbose pkgid ezcl2@0.0.0
16 verbose cwd C:\Users\TonySoprano\Desktop\scripts\ezcl2
17 error Windows_NT 10.0.14393
18 error argv "C:\\Program Files\\nodejs\\node.exe" "C:\\Users\\TonySoprano\\AppData\\Roaming\\npm\\node_modules\\npm\\bin\\npm-cli.js" "start"
19 error node v6.9.2
20 error npm  v4.0.5
21 error code ELIFECYCLE
22 error ezcl2@0.0.0 start: `node ./bin/www`
22 error Exit status 3221225786
23 error Failed at the ezcl2@0.0.0 start script 'node ./bin/www'.
23 error Make sure you have the latest version of node.js and npm installed.
23 error If you do, this is most likely a problem with the ezcl2 package,
23 error not with npm itself.
23 error Tell the author that this fails on your system:
23 error     node ./bin/www
23 error You can get information on how to open an issue for this project with:
23 error     npm bugs ezcl2
23 error Or if that isn't available, you can get their info via:
23 error     npm owner ls ezcl2
23 error There is likely additional logging output above.
24 verbose exit [ 1, true ]
